[2016-04-23 10:21:35.200] [INFO] crash-log - [32m[/Users/workspace/taptitans/server/node_modules/pomelo/lib/master/master.js] [39m[master],[master],[1461378095200],[disconnect]
[2016-04-23 10:22:02.975] [INFO] crash-log - [32m[/Users/workspace/taptitans/server/node_modules/pomelo/lib/master/master.js] [39m[player],[player1],[1461378122975],[disconnect]
[2016-04-23 10:22:02.977] [INFO] crash-log - [32m[/Users/workspace/taptitans/server/node_modules/pomelo/lib/master/master.js] [39m[manage],[manage1],[1461378122977],[disconnect]
[2016-04-23 10:22:02.979] [INFO] crash-log - [32m[/Users/workspace/taptitans/server/node_modules/pomelo/lib/master/master.js] [39m[gate],[gate1],[1461378122979],[disconnect]
[2016-04-23 10:22:02.981] [INFO] crash-log - [32m[/Users/workspace/taptitans/server/node_modules/pomelo/lib/master/master.js] [39m[rank],[rank1],[1461378122981],[disconnect]
[2016-04-23 10:22:02.982] [INFO] crash-log - [32m[/Users/workspace/taptitans/server/node_modules/pomelo/lib/master/master.js] [39m[pk],[pk2],[1461378122982],[disconnect]
[2016-04-23 10:22:02.987] [INFO] crash-log - [32m[/Users/workspace/taptitans/server/node_modules/pomelo/lib/master/master.js] [39m[guild],[guild1],[1461378122987],[disconnect]
[2016-04-23 10:22:02.989] [INFO] crash-log - [32m[/Users/workspace/taptitans/server/node_modules/pomelo/lib/master/master.js] [39m[activity],[activity1],[1461378122989],[disconnect]
[2016-04-23 10:22:02.991] [INFO] crash-log - [32m[/Users/workspace/taptitans/server/node_modules/pomelo/lib/master/master.js] [39m[pk],[pk1],[1461378122991],[disconnect]
[2016-04-23 10:22:02.992] [INFO] crash-log - [32m[/Users/workspace/taptitans/server/node_modules/pomelo/lib/master/master.js] [39m[player],[player2],[1461378122992],[disconnect]
[2016-04-23 10:22:02.993] [INFO] crash-log - [32m[/Users/workspace/taptitans/server/node_modules/pomelo/lib/master/master.js] [39m[connector],[connector2],[1461378122993],[disconnect]
[2016-04-23 10:22:03.009] [INFO] crash-log - [32m[/Users/workspace/taptitans/server/node_modules/pomelo/lib/master/master.js] [39m[connector],[connector1],[1461378123009],[disconnect]
[2016-04-23 13:15:43.804] [INFO] crash-log - [32m[/Users/workspace/taptitans/server/node_modules/pomelo/lib/master/master.js] [39m[connector],[connector1],[1461388543803],[disconnect]
[2016-04-23 13:15:43.816] [INFO] crash-log - [32m[/Users/workspace/taptitans/server/node_modules/pomelo/lib/master/master.js] [39m[player],[player2],[1461388543816],[disconnect]
[2016-04-23 13:15:43.859] [INFO] crash-log - [32m[/Users/workspace/taptitans/server/node_modules/pomelo/lib/master/master.js] [39m[activity],[activity1],[1461388543859],[disconnect]
[2016-04-23 13:15:43.860] [INFO] crash-log - [32m[/Users/workspace/taptitans/server/node_modules/pomelo/lib/master/master.js] [39m[manage],[manage1],[1461388543860],[disconnect]
[2016-04-23 13:15:43.886] [INFO] crash-log - [32m[/Users/workspace/taptitans/server/node_modules/pomelo/lib/master/master.js] [39m[connector],[connector2],[1461388543886],[disconnect]
[2016-04-23 13:15:43.887] [INFO] crash-log - [32m[/Users/workspace/taptitans/server/node_modules/pomelo/lib/master/master.js] [39m[pk],[pk1],[1461388543887],[disconnect]
[2016-04-23 13:15:43.892] [INFO] crash-log - [32m[/Users/workspace/taptitans/server/node_modules/pomelo/lib/master/master.js] [39m[gate],[gate1],[1461388543892],[disconnect]
[2016-04-23 13:15:43.893] [INFO] crash-log - [32m[/Users/workspace/taptitans/server/node_modules/pomelo/lib/master/master.js] [39m[player],[player1],[1461388543893],[disconnect]
[2016-04-23 13:15:43.896] [INFO] crash-log - [32m[/Users/workspace/taptitans/server/node_modules/pomelo/lib/master/master.js] [39m[rank],[rank1],[1461388543896],[disconnect]
[2016-04-23 13:15:43.901] [INFO] crash-log - [32m[/Users/workspace/taptitans/server/node_modules/pomelo/lib/master/master.js] [39m[pk],[pk2],[1461388543901],[disconnect]
[2016-04-23 13:15:47.281] [INFO] crash-log - [32m[/Users/workspace/taptitans/server/node_modules/pomelo/lib/master/master.js] [39m[guild],[guild1],[1461388547281],[disconnect]
[2016-04-23 13:15:47.309] [INFO] crash-log - [32m[/Users/workspace/taptitans/server/node_modules/pomelo/lib/master/master.js] [39m[master],[master],[1461388547309],[disconnect]
[2016-04-27 09:22:31.303] [INFO] crash-log - [32m[/Users/workspace/taptitans/server/node_modules/pomelo/lib/master/master.js] [39m[master],[master],[1461720151303],[disconnect]
[2016-04-27 09:22:51.686] [INFO] crash-log - [32m[/Users/workspace/taptitans/server/node_modules/pomelo/lib/master/master.js] [39m[manage],[manage1],[1461720171686],[disconnect]
[2016-04-27 09:22:51.690] [INFO] crash-log - [32m[/Users/workspace/taptitans/server/node_modules/pomelo/lib/master/master.js] [39m[pk],[pk2],[1461720171690],[disconnect]
[2016-04-27 09:22:51.694] [INFO] crash-log - [32m[/Users/workspace/taptitans/server/node_modules/pomelo/lib/master/master.js] [39m[activity],[activity1],[1461720171694],[disconnect]
[2016-04-27 09:22:54.397] [INFO] crash-log - [32m[/Users/workspace/taptitans/server/node_modules/pomelo/lib/master/master.js] [39m[connector],[connector1],[1461720174397],[disconnect]
[2016-04-27 09:22:54.649] [INFO] crash-log - [32m[/Users/workspace/taptitans/server/node_modules/pomelo/lib/master/master.js] [39m[pk],[pk1],[1461720174649],[disconnect]
[2016-04-27 09:22:54.661] [INFO] crash-log - [32m[/Users/workspace/taptitans/server/node_modules/pomelo/lib/master/master.js] [39m[guild],[guild1],[1461720174661],[disconnect]
[2016-04-27 09:22:54.774] [INFO] crash-log - [32m[/Users/workspace/taptitans/server/node_modules/pomelo/lib/master/master.js] [39m[rank],[rank1],[1461720174774],[disconnect]
[2016-04-27 09:22:54.897] [INFO] crash-log - [32m[/Users/workspace/taptitans/server/node_modules/pomelo/lib/master/master.js] [39m[player],[player2],[1461720174897],[disconnect]
[2016-04-27 09:22:54.900] [INFO] crash-log - [32m[/Users/workspace/taptitans/server/node_modules/pomelo/lib/master/master.js] [39m[gate],[gate1],[1461720174900],[disconnect]
[2016-04-27 09:22:54.904] [INFO] crash-log - [32m[/Users/workspace/taptitans/server/node_modules/pomelo/lib/master/master.js] [39m[connector],[connector2],[1461720174904],[disconnect]
[2016-04-27 09:22:57.337] [INFO] crash-log - [32m[/Users/workspace/taptitans/server/node_modules/pomelo/lib/master/master.js] [39m[player],[player1],[1461720177337],[disconnect]
