[2016-04-19 10:44:52.029] [INFO] pomelo - [32m[/Users/workspace/taptitans/server/node_modules/pomelo/lib/application.js] [39mapplication inited: "connector1"
[2016-04-19 10:44:56.541] [INFO] pomelo - [32m[/Users/workspace/taptitans/server/node_modules/pomelo/lib/application.js] [39m"connector1" enter after start...
[2016-04-19 10:44:56.544] [INFO] pomelo - [32m[/Users/workspace/taptitans/server/node_modules/pomelo/lib/application.js] [39m"connector1" finish start
[2016-04-19 10:44:56.545] [INFO] pomelo - [32m[/Users/workspace/taptitans/server/node_modules/pomelo/lib/application.js] [39m"connector1" startup in 1899 ms
[2016-04-19 11:41:44.679] [INFO] pomelo - [32m[/Users/workspace/taptitans/server/node_modules/pomelo/lib/application.js] [39mapplication inited: "connector1"
[2016-04-19 11:41:49.997] [INFO] pomelo - [32m[/Users/workspace/taptitans/server/node_modules/pomelo/lib/application.js] [39m"connector1" enter after start...
[2016-04-19 11:41:50.000] [INFO] pomelo - [32m[/Users/workspace/taptitans/server/node_modules/pomelo/lib/application.js] [39m"connector1" finish start
[2016-04-19 11:41:50.001] [INFO] pomelo - [32m[/Users/workspace/taptitans/server/node_modules/pomelo/lib/application.js] [39m"connector1" startup in 2287 ms
[2016-04-19 11:43:31.342] [INFO] pomelo - [32m[/Users/workspace/taptitans/server/node_modules/pomelo/lib/application.js] [39mapplication inited: "connector1"
[2016-04-19 11:43:36.748] [INFO] pomelo - [32m[/Users/workspace/taptitans/server/node_modules/pomelo/lib/application.js] [39m"connector1" enter after start...
[2016-04-19 11:43:36.750] [INFO] pomelo - [32m[/Users/workspace/taptitans/server/node_modules/pomelo/lib/application.js] [39m"connector1" finish start
[2016-04-19 11:43:36.752] [INFO] pomelo - [32m[/Users/workspace/taptitans/server/node_modules/pomelo/lib/application.js] [39m"connector1" startup in 2283 ms
[2016-04-19 13:41:15.840] [INFO] pomelo - [32m[/Users/workspace/taptitans/server/node_modules/pomelo/lib/application.js] [39mapplication inited: "connector1"
[2016-04-19 13:41:21.373] [INFO] pomelo - [32m[/Users/workspace/taptitans/server/node_modules/pomelo/lib/application.js] [39m"connector1" enter after start...
[2016-04-19 13:41:21.518] [INFO] pomelo - [32m[/Users/workspace/taptitans/server/node_modules/pomelo/lib/application.js] [39m"connector1" finish start
[2016-04-19 13:41:21.520] [INFO] pomelo - [32m[/Users/workspace/taptitans/server/node_modules/pomelo/lib/application.js] [39m"connector1" startup in 2978 ms
[2016-04-19 13:42:59.377] [INFO] pomelo - [32m[/Users/workspace/taptitans/server/node_modules/pomelo/lib/application.js] [39mapplication inited: "connector1"
[2016-04-19 13:43:07.946] [INFO] pomelo - [32m[/Users/workspace/taptitans/server/node_modules/pomelo/lib/application.js] [39mapplication inited: "connector1"
[2016-04-19 13:43:13.050] [INFO] pomelo - [32m[/Users/workspace/taptitans/server/node_modules/pomelo/lib/application.js] [39m"connector1" enter after start...
[2016-04-19 13:43:13.054] [INFO] pomelo - [32m[/Users/workspace/taptitans/server/node_modules/pomelo/lib/application.js] [39m"connector1" finish start
[2016-04-19 13:43:13.054] [INFO] pomelo - [32m[/Users/workspace/taptitans/server/node_modules/pomelo/lib/application.js] [39m"connector1" startup in 2239 ms
[2016-04-19 14:33:40.666] [INFO] pomelo - [32m[/Users/workspace/taptitans/server/node_modules/pomelo/lib/application.js] [39mapplication inited: "connector1"
[2016-04-19 14:33:45.976] [INFO] pomelo - [32m[/Users/workspace/taptitans/server/node_modules/pomelo/lib/application.js] [39m"connector1" enter after start...
[2016-04-19 14:33:45.980] [INFO] pomelo - [32m[/Users/workspace/taptitans/server/node_modules/pomelo/lib/application.js] [39m"connector1" finish start
[2016-04-19 14:33:45.981] [INFO] pomelo - [32m[/Users/workspace/taptitans/server/node_modules/pomelo/lib/application.js] [39m"connector1" startup in 2223 ms
[2016-04-19 15:20:29.173] [INFO] pomelo - [32m[/Users/workspace/taptitans/server/node_modules/pomelo/lib/application.js] [39mapplication inited: "connector1"
[2016-04-19 15:20:33.623] [INFO] pomelo - [32m[/Users/workspace/taptitans/server/node_modules/pomelo/lib/application.js] [39m"connector1" enter after start...
[2016-04-19 15:20:33.639] [INFO] pomelo - [32m[/Users/workspace/taptitans/server/node_modules/pomelo/lib/application.js] [39m"connector1" finish start
[2016-04-19 15:20:33.640] [INFO] pomelo - [32m[/Users/workspace/taptitans/server/node_modules/pomelo/lib/application.js] [39m"connector1" startup in 1861 ms
[2016-04-19 19:55:18.378] [INFO] pomelo - [32m[/Users/workspace/taptitans/server/node_modules/pomelo/lib/application.js] [39mapplication inited: "connector1"
[2016-04-19 19:55:23.040] [INFO] pomelo - [32m[/Users/workspace/taptitans/server/node_modules/pomelo/lib/application.js] [39m"connector1" enter after start...
[2016-04-19 19:55:23.047] [INFO] pomelo - [32m[/Users/workspace/taptitans/server/node_modules/pomelo/lib/application.js] [39m"connector1" finish start
[2016-04-19 19:55:23.047] [INFO] pomelo - [32m[/Users/workspace/taptitans/server/node_modules/pomelo/lib/application.js] [39m"connector1" startup in 1875 ms
[2016-04-19 20:58:37.273] [INFO] pomelo - [32m[/Users/workspace/taptitans/server/node_modules/pomelo/lib/application.js] [39mapplication inited: "connector1"
[2016-04-19 20:58:43.357] [INFO] pomelo - [32m[/Users/workspace/taptitans/server/node_modules/pomelo/lib/application.js] [39m"connector1" enter after start...
[2016-04-19 20:58:43.400] [INFO] pomelo - [32m[/Users/workspace/taptitans/server/node_modules/pomelo/lib/application.js] [39m"connector1" finish start
[2016-04-19 20:58:43.400] [INFO] pomelo - [32m[/Users/workspace/taptitans/server/node_modules/pomelo/lib/application.js] [39m"connector1" startup in 2841 ms
[2016-04-19 21:12:46.859] [INFO] pomelo - [32m[/Users/workspace/taptitans/server/node_modules/pomelo/lib/application.js] [39mapplication inited: "connector1"
[2016-04-19 21:12:52.641] [INFO] pomelo - [32m[/Users/workspace/taptitans/server/node_modules/pomelo/lib/application.js] [39m"connector1" enter after start...
[2016-04-19 21:12:52.644] [INFO] pomelo - [32m[/Users/workspace/taptitans/server/node_modules/pomelo/lib/application.js] [39m"connector1" finish start
[2016-04-19 21:12:52.645] [INFO] pomelo - [32m[/Users/workspace/taptitans/server/node_modules/pomelo/lib/application.js] [39m"connector1" startup in 2705 ms
[2016-04-19 21:20:15.035] [INFO] pomelo - [32m[/Users/workspace/taptitans/server/node_modules/pomelo/lib/connectors/commands/heartbeat.js] [39mclient 2 heartbeat timeout.
[2016-04-19 21:22:39.992] [INFO] pomelo - [32m[/Users/workspace/taptitans/server/node_modules/pomelo/lib/connectors/commands/heartbeat.js] [39mclient 3 heartbeat timeout.
[2016-04-19 21:26:15.440] [INFO] pomelo - [32m[/Users/workspace/taptitans/server/node_modules/pomelo/lib/connectors/commands/heartbeat.js] [39mclient 5 heartbeat timeout.
[2016-04-20 10:14:22.673] [INFO] pomelo - [32m[/Users/workspace/taptitans/server/node_modules/pomelo/lib/connectors/commands/heartbeat.js] [39mclient 12 heartbeat timeout.
[2016-04-21 20:27:05.868] [INFO] pomelo - [32m[/Users/workspace/taptitans/server/node_modules/pomelo/lib/application.js] [39mapplication inited: "connector1"
[2016-04-21 20:27:13.528] [INFO] pomelo - [32m[/Users/workspace/taptitans/server/node_modules/pomelo/lib/application.js] [39m"connector1" enter after start...
[2016-04-21 20:27:13.532] [INFO] pomelo - [32m[/Users/workspace/taptitans/server/node_modules/pomelo/lib/application.js] [39m"connector1" finish start
[2016-04-21 20:27:13.532] [INFO] pomelo - [32m[/Users/workspace/taptitans/server/node_modules/pomelo/lib/application.js] [39m"connector1" startup in 3618 ms
[2016-04-22 11:42:25.235] [INFO] pomelo - [32m[/Users/workspace/taptitans/server/node_modules/pomelo/lib/connectors/commands/heartbeat.js] [39mclient 8 heartbeat timeout.
[2016-04-22 16:48:13.882] [INFO] pomelo - [32m[/Users/workspace/taptitans/server/node_modules/pomelo/lib/application.js] [39mapplication inited: "connector1"
[2016-04-22 16:48:18.108] [INFO] pomelo - [32m[/Users/workspace/taptitans/server/node_modules/pomelo/lib/application.js] [39m"connector1" enter after start...
[2016-04-22 16:48:18.111] [INFO] pomelo - [32m[/Users/workspace/taptitans/server/node_modules/pomelo/lib/application.js] [39m"connector1" finish start
[2016-04-22 16:48:18.111] [INFO] pomelo - [32m[/Users/workspace/taptitans/server/node_modules/pomelo/lib/application.js] [39m"connector1" startup in 1836 ms
[2016-04-22 17:46:10.945] [INFO] pomelo - [32m[/Users/workspace/taptitans/server/node_modules/pomelo/lib/connectors/commands/heartbeat.js] [39mclient 15 heartbeat timeout.
[2016-04-22 17:53:02.508] [INFO] pomelo - [32m[/Users/workspace/taptitans/server/node_modules/pomelo/lib/connectors/commands/heartbeat.js] [39mclient 16 heartbeat timeout.
[2016-04-25 10:23:27.366] [INFO] pomelo - [32m[/Users/workspace/taptitans/server/node_modules/pomelo/lib/application.js] [39mapplication inited: "connector1"
[2016-04-25 10:23:33.622] [INFO] pomelo - [32m[/Users/workspace/taptitans/server/node_modules/pomelo/lib/application.js] [39m"connector1" enter after start...
[2016-04-25 10:23:33.625] [INFO] pomelo - [32m[/Users/workspace/taptitans/server/node_modules/pomelo/lib/application.js] [39m"connector1" finish start
[2016-04-25 10:23:33.626] [INFO] pomelo - [32m[/Users/workspace/taptitans/server/node_modules/pomelo/lib/application.js] [39m"connector1" startup in 2501 ms
[2016-04-25 10:25:16.522] [INFO] pomelo - [32m[/Users/workspace/taptitans/server/node_modules/pomelo/lib/application.js] [39mapplication inited: "connector1"
[2016-04-25 10:25:22.201] [INFO] pomelo - [32m[/Users/workspace/taptitans/server/node_modules/pomelo/lib/application.js] [39m"connector1" enter after start...
[2016-04-25 10:25:22.206] [INFO] pomelo - [32m[/Users/workspace/taptitans/server/node_modules/pomelo/lib/application.js] [39m"connector1" finish start
[2016-04-25 10:25:22.206] [INFO] pomelo - [32m[/Users/workspace/taptitans/server/node_modules/pomelo/lib/application.js] [39m"connector1" startup in 2428 ms
[2016-04-25 10:27:15.797] [INFO] pomelo - [32m[/Users/workspace/taptitans/server/node_modules/pomelo/lib/application.js] [39mapplication inited: "connector1"
[2016-04-25 10:27:21.485] [INFO] pomelo - [32m[/Users/workspace/taptitans/server/node_modules/pomelo/lib/application.js] [39m"connector1" enter after start...
[2016-04-25 10:27:21.494] [INFO] pomelo - [32m[/Users/workspace/taptitans/server/node_modules/pomelo/lib/application.js] [39m"connector1" finish start
[2016-04-25 10:27:21.494] [INFO] pomelo - [32m[/Users/workspace/taptitans/server/node_modules/pomelo/lib/application.js] [39m"connector1" startup in 2444 ms
[2016-04-25 14:15:46.548] [INFO] pomelo - [32m[/Users/workspace/taptitans/server/node_modules/pomelo/lib/application.js] [39mapplication inited: "connector1"
[2016-04-25 14:15:54.522] [INFO] pomelo - [32m[/Users/workspace/taptitans/server/node_modules/pomelo/lib/application.js] [39m"connector1" enter after start...
[2016-04-25 14:15:54.529] [INFO] pomelo - [32m[/Users/workspace/taptitans/server/node_modules/pomelo/lib/application.js] [39m"connector1" finish start
[2016-04-25 14:15:54.529] [INFO] pomelo - [32m[/Users/workspace/taptitans/server/node_modules/pomelo/lib/application.js] [39m"connector1" startup in 3745 ms
[2016-04-25 16:59:08.263] [INFO] pomelo - [32m[/Users/workspace/taptitans/server/node_modules/pomelo/lib/connectors/commands/heartbeat.js] [39mclient 12 heartbeat timeout.
[2016-04-25 17:40:51.429] [INFO] pomelo - [32m[/Users/workspace/taptitans/server/node_modules/pomelo/lib/application.js] [39mapplication inited: "connector1"
[2016-04-25 17:40:58.771] [INFO] pomelo - [32m[/Users/workspace/taptitans/server/node_modules/pomelo/lib/application.js] [39m"connector1" enter after start...
[2016-04-25 17:40:58.778] [INFO] pomelo - [32m[/Users/workspace/taptitans/server/node_modules/pomelo/lib/application.js] [39m"connector1" finish start
[2016-04-25 17:40:58.778] [INFO] pomelo - [32m[/Users/workspace/taptitans/server/node_modules/pomelo/lib/application.js] [39m"connector1" startup in 3309 ms
[2016-04-25 17:46:39.871] [INFO] pomelo - [32m[/Users/workspace/taptitans/server/node_modules/pomelo/lib/application.js] [39mapplication inited: "connector1"
[2016-04-25 17:46:47.556] [INFO] pomelo - [32m[/Users/workspace/taptitans/server/node_modules/pomelo/lib/application.js] [39m"connector1" enter after start...
[2016-04-25 17:46:47.568] [INFO] pomelo - [32m[/Users/workspace/taptitans/server/node_modules/pomelo/lib/application.js] [39m"connector1" finish start
[2016-04-25 17:46:47.569] [INFO] pomelo - [32m[/Users/workspace/taptitans/server/node_modules/pomelo/lib/application.js] [39m"connector1" startup in 2903 ms
[2016-04-26 14:43:13.045] [INFO] pomelo - [32m[/Users/workspace/taptitans/server/node_modules/pomelo/lib/application.js] [39mapplication inited: "connector1"
[2016-04-26 14:43:19.905] [INFO] pomelo - [32m[/Users/workspace/taptitans/server/node_modules/pomelo/lib/application.js] [39m"connector1" enter after start...
[2016-04-26 14:43:19.910] [INFO] pomelo - [32m[/Users/workspace/taptitans/server/node_modules/pomelo/lib/application.js] [39m"connector1" finish start
[2016-04-26 14:43:19.910] [INFO] pomelo - [32m[/Users/workspace/taptitans/server/node_modules/pomelo/lib/application.js] [39m"connector1" startup in 3276 ms
